# JRE version: OpenJDK Runtime Environment (11.0.2+9) (build 11.0.2+9)
# Java VM: OpenJDK 64-Bit Server VM (11.0.2+9, mixed mode, tiered, compressed oops, g1 gc, linux-amd64)
Heap:
 garbage-first heap   total 333824K, used 100508K [0x000000070a800000, 0x0000000800000000)
  region size 1024K, 51 young (52224K), 10 survivors (10240K)
 Metaspace       used 32643K, capacity 35138K, committed 35376K, reserved 1081344K
  class space    used 3401K, capacity 4181K, committed 4224K, reserved 1048576K
GC Heap History (10 events):
Event: 1.536 GC heap before
{Heap before GC invocations=2 (full 0):
 garbage-first heap   total 251904K, used 49717K [0x000000070a800000, 0x0000000800000000)
  region size 1024K, 30 young (30720K), 19 survivors (19456K)
 Metaspace       used 15108K, capacity 15351K, committed 15616K, reserved 1062912K
  class space    used 1346K, capacity 1409K, committed 1536K, reserved 1048576K
}
Event: 1.560 GC heap after
{Heap after GC invocations=3 (full 0):
 garbage-first heap   total 251904K, used 41402K [0x000000070a800000, 0x0000000800000000)
  region size 1024K, 3 young (3072K), 3 survivors (3072K)
 Metaspace       used 15108K, capacity 15351K, committed 15616K, reserved 1062912K
  class space    used 1346K, capacity 1409K, committed 1536K, reserved 1048576K
}
Event: 1.723 GC heap before
{Heap before GC invocations=3 (full 0):
 garbage-first heap   total 251904K, used 49594K [0x000000070a800000, 0x0000000800000000)
  region size 1024K, 12 young (12288K), 3 survivors (3072K)
 Metaspace       used 16199K, capacity 16687K, committed 17024K, reserved 1064960K
  class space    used 1455K, capacity 1598K, committed 1664K, reserved 1048576K
}
Event: 1.728 GC heap after
{Heap after GC invocations=4 (full 0):
 garbage-first heap   total 251904K, used 43520K [0x000000070a800000, 0x0000000800000000)
  region size 1024K, 2 young (2048K), 2 survivors (2048K)
 Metaspace       used 16199K, capacity 16687K, committed 17024K, reserved 1064960K
  class space    used 1455K, capacity 1598K, committed 1664K, reserved 1048576K
}
Event: 2.069 GC heap before
{Heap before GC invocations=4 (full 0):
 garbage-first heap   total 251904K, used 57856K [0x000000070a800000, 0x0000000800000000)
  region size 1024K, 17 young (17408K), 2 survivors (2048K)
 Metaspace       used 19014K, capacity 19920K, committed 20224K, reserved 1067008K
  class space    used 1762K, capacity 2048K, committed 2048K, reserved 1048576K
}
Event: 2.078 GC heap after
{Heap after GC invocations=5 (full 0):
 garbage-first heap   total 333824K, used 48869K [0x000000070a800000, 0x0000000800000000)
  region size 1024K, 3 young (3072K), 3 survivors (3072K)
 Metaspace       used 19014K, capacity 19920K, committed 20224K, reserved 1067008K
  class space    used 1762K, capacity 2048K, committed 2048K, reserved 1048576K
}
Event: 2.696 GC heap before
{Heap before GC invocations=5 (full 0):
 garbage-first heap   total 333824K, used 115429K [0x000000070a800000, 0x0000000800000000)
  region size 1024K, 67 young (68608K), 3 survivors (3072K)
 Metaspace       used 19873K, capacity 20892K, committed 21120K, reserved 1069056K
  class space    used 1821K, capacity 2135K, committed 2176K, reserved 1048576K
}
Event: 2.705 GC heap after
{Heap after GC invocations=6 (full 0):
 garbage-first heap   total 333824K, used 58107K [0x000000070a800000, 0x0000000800000000)
  region size 1024K, 9 young (9216K), 9 survivors (9216K)
 Metaspace       used 19873K, capacity 20892K, committed 21120K, reserved 1069056K
  class space    used 1821K, capacity 2135K, committed 2176K, reserved 1048576K
}
Event: 2.879 GC heap before
{Heap before GC invocations=6 (full 0):
 garbage-first heap   total 333824K, used 123643K [0x000000070a800000, 0x0000000800000000)
  region size 1024K, 75 young (76800K), 9 survivors (9216K)
 Metaspace       used 20198K, capacity 21180K, committed 21296K, reserved 1069056K
  class space    used 1850K, capacity 2167K, committed 2176K, reserved 1048576K
}
Event: 2.889 GC heap after
{Heap after GC invocations=7 (full 0):
 garbage-first heap   total 333824K, used 58524K [0x000000070a800000, 0x0000000800000000)
  region size 1024K, 10 young (10240K), 10 survivors (10240K)
 Metaspace       used 20198K, capacity 21180K, committed 21296K, reserved 1069056K
  class space    used 1850K, capacity 2167K, committed 2176K, reserved 1048576K
}

